mode: set
github.com/HelixDevelopment/helix_ota/server/internal/config/config.go:97.29,114.95 3 1
github.com/HelixDevelopment/helix_ota/server/internal/config/config.go:114.95,116.3 1 1
github.com/HelixDevelopment/helix_ota/server/internal/config/config.go:117.2,117.89 1 1
github.com/HelixDevelopment/helix_ota/server/internal/config/config.go:117.89,119.3 1 1
github.com/HelixDevelopment/helix_ota/server/internal/config/config.go:120.2,120.102 1 1
github.com/HelixDevelopment/helix_ota/server/internal/config/config.go:120.102,122.3 1 1
github.com/HelixDevelopment/helix_ota/server/internal/config/config.go:123.2,123.102 1 1
github.com/HelixDevelopment/helix_ota/server/internal/config/config.go:123.102,125.3 1 1
github.com/HelixDevelopment/helix_ota/server/internal/config/config.go:126.2,126.72 1 1
github.com/HelixDevelopment/helix_ota/server/internal/config/config.go:126.72,128.3 1 1
github.com/HelixDevelopment/helix_ota/server/internal/config/config.go:129.2,129.99 1 1
github.com/HelixDevelopment/helix_ota/server/internal/config/config.go:129.99,131.3 1 1
github.com/HelixDevelopment/helix_ota/server/internal/config/config.go:135.2,135.61 1 1
github.com/HelixDevelopment/helix_ota/server/internal/config/config.go:135.61,137.3 1 1
github.com/HelixDevelopment/helix_ota/server/internal/config/config.go:137.8,139.3 1 1
github.com/HelixDevelopment/helix_ota/server/internal/config/config.go:142.2,142.58 1 1
github.com/HelixDevelopment/helix_ota/server/internal/config/config.go:142.58,144.20 2 1
github.com/HelixDevelopment/helix_ota/server/internal/config/config.go:144.20,146.4 1 1
github.com/HelixDevelopment/helix_ota/server/internal/config/config.go:147.3,147.28 1 1
github.com/HelixDevelopment/helix_ota/server/internal/config/config.go:150.2,150.15 1 1
github.com/HelixDevelopment/helix_ota/server/internal/config/config.go:154.42,155.34 1 1
github.com/HelixDevelopment/helix_ota/server/internal/config/config.go:155.34,157.3 1 1
github.com/HelixDevelopment/helix_ota/server/internal/config/config.go:158.2,158.17 1 1
github.com/HelixDevelopment/helix_ota/server/internal/config/config.go:162.77,164.13 2 1
github.com/HelixDevelopment/helix_ota/server/internal/config/config.go:164.13,166.3 1 1
github.com/HelixDevelopment/helix_ota/server/internal/config/config.go:167.2,168.16 2 1
github.com/HelixDevelopment/helix_ota/server/internal/config/config.go:168.16,170.3 1 1
github.com/HelixDevelopment/helix_ota/server/internal/config/config.go:171.2,171.15 1 1
github.com/HelixDevelopment/helix_ota/server/internal/config/config.go:175.58,177.13 2 1
github.com/HelixDevelopment/helix_ota/server/internal/config/config.go:177.13,179.3 1 1
github.com/HelixDevelopment/helix_ota/server/internal/config/config.go:180.2,181.16 2 1
github.com/HelixDevelopment/helix_ota/server/internal/config/config.go:181.16,183.3 1 1
github.com/HelixDevelopment/helix_ota/server/internal/config/config.go:184.2,184.15 1 1
