mode: set
github.com/HelixDevelopment/helix_ota/server/internal/deviceemu/emulator.go:103.39,104.23 1 1
github.com/HelixDevelopment/helix_ota/server/internal/deviceemu/emulator.go:104.23,106.3 1 1
github.com/HelixDevelopment/helix_ota/server/internal/deviceemu/emulator.go:107.2,107.65 1 1
github.com/HelixDevelopment/helix_ota/server/internal/deviceemu/emulator.go:107.65,109.3 1 1
github.com/HelixDevelopment/helix_ota/server/internal/deviceemu/emulator.go:110.2,110.77 1 1
github.com/HelixDevelopment/helix_ota/server/internal/deviceemu/emulator.go:110.77,112.3 1 1
github.com/HelixDevelopment/helix_ota/server/internal/deviceemu/emulator.go:113.2,114.19 2 1
github.com/HelixDevelopment/helix_ota/server/internal/deviceemu/emulator.go:114.19,116.3 1 1
github.com/HelixDevelopment/helix_ota/server/internal/deviceemu/emulator.go:117.2,118.16 2 1
github.com/HelixDevelopment/helix_ota/server/internal/deviceemu/emulator.go:118.16,120.3 1 1
github.com/HelixDevelopment/helix_ota/server/internal/deviceemu/emulator.go:121.2,128.8 1 1
github.com/HelixDevelopment/helix_ota/server/internal/deviceemu/emulator.go:132.36,136.2 3 1
github.com/HelixDevelopment/helix_ota/server/internal/deviceemu/emulator.go:139.42,143.2 3 1
github.com/HelixDevelopment/helix_ota/server/internal/deviceemu/emulator.go:147.33,151.2 3 1
github.com/HelixDevelopment/helix_ota/server/internal/deviceemu/emulator.go:155.51,157.27 2 1
github.com/HelixDevelopment/helix_ota/server/internal/deviceemu/emulator.go:157.27,160.3 2 1
github.com/HelixDevelopment/helix_ota/server/internal/deviceemu/emulator.go:161.2,166.102 5 1
github.com/HelixDevelopment/helix_ota/server/internal/deviceemu/emulator.go:166.102,168.3 1 1
github.com/HelixDevelopment/helix_ota/server/internal/deviceemu/emulator.go:169.2,169.28 1 1
github.com/HelixDevelopment/helix_ota/server/internal/deviceemu/emulator.go:169.28,171.3 1 1
github.com/HelixDevelopment/helix_ota/server/internal/deviceemu/emulator.go:172.2,175.12 4 1
github.com/HelixDevelopment/helix_ota/server/internal/deviceemu/emulator.go:182.54,183.37 1 1
github.com/HelixDevelopment/helix_ota/server/internal/deviceemu/emulator.go:183.37,185.3 1 1
github.com/HelixDevelopment/helix_ota/server/internal/deviceemu/emulator.go:186.2,199.16 7 1
github.com/HelixDevelopment/helix_ota/server/internal/deviceemu/emulator.go:199.16,201.3 1 0
github.com/HelixDevelopment/helix_ota/server/internal/deviceemu/emulator.go:202.2,203.16 2 1
github.com/HelixDevelopment/helix_ota/server/internal/deviceemu/emulator.go:203.16,205.3 1 0
github.com/HelixDevelopment/helix_ota/server/internal/deviceemu/emulator.go:206.2,211.16 5 1
github.com/HelixDevelopment/helix_ota/server/internal/deviceemu/emulator.go:211.16,213.3 1 1
github.com/HelixDevelopment/helix_ota/server/internal/deviceemu/emulator.go:214.2,217.77 3 1
github.com/HelixDevelopment/helix_ota/server/internal/deviceemu/emulator.go:217.77,219.3 1 1
github.com/HelixDevelopment/helix_ota/server/internal/deviceemu/emulator.go:220.2,221.51 2 1
github.com/HelixDevelopment/helix_ota/server/internal/deviceemu/emulator.go:221.51,223.3 1 1
github.com/HelixDevelopment/helix_ota/server/internal/deviceemu/emulator.go:224.2,224.51 1 1
github.com/HelixDevelopment/helix_ota/server/internal/deviceemu/emulator.go:224.51,226.3 1 1
github.com/HelixDevelopment/helix_ota/server/internal/deviceemu/emulator.go:227.2,231.12 5 1
github.com/HelixDevelopment/helix_ota/server/internal/deviceemu/emulator.go:237.112,242.18 5 1
github.com/HelixDevelopment/helix_ota/server/internal/deviceemu/emulator.go:242.18,244.3 1 1
github.com/HelixDevelopment/helix_ota/server/internal/deviceemu/emulator.go:246.2,247.19 2 1
github.com/HelixDevelopment/helix_ota/server/internal/deviceemu/emulator.go:247.19,249.3 1 1
github.com/HelixDevelopment/helix_ota/server/internal/deviceemu/emulator.go:250.2,251.16 2 1
github.com/HelixDevelopment/helix_ota/server/internal/deviceemu/emulator.go:251.16,253.3 1 0
github.com/HelixDevelopment/helix_ota/server/internal/deviceemu/emulator.go:254.2,256.16 3 1
github.com/HelixDevelopment/helix_ota/server/internal/deviceemu/emulator.go:256.16,258.3 1 1
github.com/HelixDevelopment/helix_ota/server/internal/deviceemu/emulator.go:259.2,261.24 3 1
github.com/HelixDevelopment/helix_ota/server/internal/deviceemu/emulator.go:262.28,263.24 1 1
github.com/HelixDevelopment/helix_ota/server/internal/deviceemu/emulator.go:264.21,266.49 2 1
github.com/HelixDevelopment/helix_ota/server/internal/deviceemu/emulator.go:266.49,268.4 1 1
github.com/HelixDevelopment/helix_ota/server/internal/deviceemu/emulator.go:269.3,269.24 1 1
github.com/HelixDevelopment/helix_ota/server/internal/deviceemu/emulator.go:270.10,271.122 1 1
github.com/HelixDevelopment/helix_ota/server/internal/deviceemu/emulator.go:281.110,282.16 1 1
github.com/HelixDevelopment/helix_ota/server/internal/deviceemu/emulator.go:282.16,284.3 1 1
github.com/HelixDevelopment/helix_ota/server/internal/deviceemu/emulator.go:285.2,298.31 4 1
github.com/HelixDevelopment/helix_ota/server/internal/deviceemu/emulator.go:298.31,300.17 2 1
github.com/HelixDevelopment/helix_ota/server/internal/deviceemu/emulator.go:300.17,302.4 1 1
github.com/HelixDevelopment/helix_ota/server/internal/deviceemu/emulator.go:303.3,303.10 1 1
github.com/HelixDevelopment/helix_ota/server/internal/deviceemu/emulator.go:306.2,310.17 5 1
github.com/HelixDevelopment/helix_ota/server/internal/deviceemu/emulator.go:317.93,325.16 6 1
github.com/HelixDevelopment/helix_ota/server/internal/deviceemu/emulator.go:325.16,327.3 1 1
github.com/HelixDevelopment/helix_ota/server/internal/deviceemu/emulator.go:328.2,331.17 4 1
github.com/HelixDevelopment/helix_ota/server/internal/deviceemu/emulator.go:337.63,338.21 1 1
github.com/HelixDevelopment/helix_ota/server/internal/deviceemu/emulator.go:338.21,340.3 1 1
github.com/HelixDevelopment/helix_ota/server/internal/deviceemu/emulator.go:341.2,343.27 3 1
github.com/HelixDevelopment/helix_ota/server/internal/deviceemu/emulator.go:368.94,377.34 3 1
github.com/HelixDevelopment/helix_ota/server/internal/deviceemu/emulator.go:377.34,380.3 2 1
github.com/HelixDevelopment/helix_ota/server/internal/deviceemu/emulator.go:381.2,381.99 1 1
github.com/HelixDevelopment/helix_ota/server/internal/deviceemu/emulator.go:381.99,384.3 2 1
github.com/HelixDevelopment/helix_ota/server/internal/deviceemu/emulator.go:385.2,385.12 1 1
github.com/HelixDevelopment/helix_ota/server/internal/deviceemu/emulator.go:392.175,397.18 5 1
github.com/HelixDevelopment/helix_ota/server/internal/deviceemu/emulator.go:397.18,399.3 1 1
github.com/HelixDevelopment/helix_ota/server/internal/deviceemu/emulator.go:401.2,416.119 3 1
github.com/HelixDevelopment/helix_ota/server/internal/deviceemu/emulator.go:416.119,418.3 1 1
github.com/HelixDevelopment/helix_ota/server/internal/deviceemu/emulator.go:419.2,419.17 1 1
github.com/HelixDevelopment/helix_ota/server/internal/deviceemu/emulator.go:448.64,449.24 1 1
github.com/HelixDevelopment/helix_ota/server/internal/deviceemu/emulator.go:449.24,450.41 1 1
github.com/HelixDevelopment/helix_ota/server/internal/deviceemu/emulator.go:450.41,452.4 1 1
github.com/HelixDevelopment/helix_ota/server/internal/deviceemu/emulator.go:454.2,458.16 4 1
github.com/HelixDevelopment/helix_ota/server/internal/deviceemu/emulator.go:458.16,460.3 1 1
github.com/HelixDevelopment/helix_ota/server/internal/deviceemu/emulator.go:461.2,461.28 1 1
github.com/HelixDevelopment/helix_ota/server/internal/deviceemu/emulator.go:461.28,465.3 3 1
github.com/HelixDevelopment/helix_ota/server/internal/deviceemu/emulator.go:466.2,471.16 5 1
github.com/HelixDevelopment/helix_ota/server/internal/deviceemu/emulator.go:471.16,473.3 1 1
github.com/HelixDevelopment/helix_ota/server/internal/deviceemu/emulator.go:474.2,479.48 6 1
github.com/HelixDevelopment/helix_ota/server/internal/deviceemu/emulator.go:479.48,481.3 1 1
github.com/HelixDevelopment/helix_ota/server/internal/deviceemu/emulator.go:482.2,482.17 1 1
github.com/HelixDevelopment/helix_ota/server/internal/deviceemu/emulator.go:488.121,489.19 1 1
github.com/HelixDevelopment/helix_ota/server/internal/deviceemu/emulator.go:489.19,491.3 1 1
github.com/HelixDevelopment/helix_ota/server/internal/deviceemu/emulator.go:492.2,492.40 1 1
github.com/HelixDevelopment/helix_ota/server/internal/deviceemu/emulator.go:492.40,494.3 1 1
github.com/HelixDevelopment/helix_ota/server/internal/deviceemu/emulator.go:495.2,498.16 3 1
github.com/HelixDevelopment/helix_ota/server/internal/deviceemu/emulator.go:498.16,500.17 2 1
github.com/HelixDevelopment/helix_ota/server/internal/deviceemu/emulator.go:500.17,501.20 1 1
github.com/HelixDevelopment/helix_ota/server/internal/deviceemu/emulator.go:501.20,503.5 1 1
github.com/HelixDevelopment/helix_ota/server/internal/deviceemu/emulator.go:504.4,504.10 1 1
github.com/HelixDevelopment/helix_ota/server/internal/deviceemu/emulator.go:506.3,506.23 1 1
github.com/HelixDevelopment/helix_ota/server/internal/deviceemu/emulator.go:506.23,508.4 1 1
github.com/HelixDevelopment/helix_ota/server/internal/deviceemu/emulator.go:510.2,511.6 2 1
github.com/HelixDevelopment/helix_ota/server/internal/deviceemu/emulator.go:511.6,512.10 1 1
github.com/HelixDevelopment/helix_ota/server/internal/deviceemu/emulator.go:513.21,514.20 1 1
github.com/HelixDevelopment/helix_ota/server/internal/deviceemu/emulator.go:515.14,516.9 1 1
github.com/HelixDevelopment/helix_ota/server/internal/deviceemu/emulator.go:523.109,525.17 2 1
github.com/HelixDevelopment/helix_ota/server/internal/deviceemu/emulator.go:525.17,527.17 2 1
github.com/HelixDevelopment/helix_ota/server/internal/deviceemu/emulator.go:527.17,529.4 1 0
github.com/HelixDevelopment/helix_ota/server/internal/deviceemu/emulator.go:530.3,530.32 1 1
github.com/HelixDevelopment/helix_ota/server/internal/deviceemu/emulator.go:532.2,533.16 2 1
github.com/HelixDevelopment/helix_ota/server/internal/deviceemu/emulator.go:533.16,535.3 1 0
github.com/HelixDevelopment/helix_ota/server/internal/deviceemu/emulator.go:536.2,536.17 1 1
github.com/HelixDevelopment/helix_ota/server/internal/deviceemu/emulator.go:536.17,538.3 1 1
github.com/HelixDevelopment/helix_ota/server/internal/deviceemu/emulator.go:539.2,539.17 1 1
github.com/HelixDevelopment/helix_ota/server/internal/deviceemu/emulator.go:539.17,541.3 1 1
github.com/HelixDevelopment/helix_ota/server/internal/deviceemu/emulator.go:542.2,543.16 2 1
github.com/HelixDevelopment/helix_ota/server/internal/deviceemu/emulator.go:543.16,545.3 1 1
github.com/HelixDevelopment/helix_ota/server/internal/deviceemu/emulator.go:546.2,548.28 3 1
github.com/HelixDevelopment/helix_ota/server/internal/deviceemu/emulator.go:548.28,550.3 1 1
github.com/HelixDevelopment/helix_ota/server/internal/deviceemu/emulator.go:551.2,551.32 1 1
github.com/HelixDevelopment/helix_ota/server/internal/deviceemu/emulator.go:551.32,552.50 1 1
github.com/HelixDevelopment/helix_ota/server/internal/deviceemu/emulator.go:552.50,554.4 1 1
github.com/HelixDevelopment/helix_ota/server/internal/deviceemu/emulator.go:556.2,556.12 1 1
github.com/HelixDevelopment/helix_ota/server/internal/deviceemu/emulator.go:560.42,562.2 1 1
