mode: set
github.com/HelixDevelopment/helix_ota/server/internal/fabric/registry.go:39.54,40.16 1 1
github.com/HelixDevelopment/helix_ota/server/internal/fabric/registry.go:40.16,42.3 1 1
github.com/HelixDevelopment/helix_ota/server/internal/fabric/registry.go:43.2,43.40 1 1
github.com/HelixDevelopment/helix_ota/server/internal/fabric/registry.go:56.80,57.52 1 1
github.com/HelixDevelopment/helix_ota/server/internal/fabric/registry.go:57.52,59.3 1 1
github.com/HelixDevelopment/helix_ota/server/internal/fabric/registry.go:60.2,60.26 1 1
github.com/HelixDevelopment/helix_ota/server/internal/fabric/registry.go:60.26,62.3 1 1
github.com/HelixDevelopment/helix_ota/server/internal/fabric/registry.go:63.2,63.27 1 1
github.com/HelixDevelopment/helix_ota/server/internal/fabric/registry.go:63.27,65.3 1 1
github.com/HelixDevelopment/helix_ota/server/internal/fabric/registry.go:66.2,66.40 1 1
github.com/HelixDevelopment/helix_ota/server/internal/fabric/registry.go:70.84,71.54 1 1
github.com/HelixDevelopment/helix_ota/server/internal/fabric/registry.go:71.54,73.3 1 1
github.com/HelixDevelopment/helix_ota/server/internal/fabric/registry.go:74.2,74.20 1 1
github.com/HelixDevelopment/helix_ota/server/internal/fabric/registry.go:74.20,76.3 1 1
github.com/HelixDevelopment/helix_ota/server/internal/fabric/registry.go:77.2,77.20 1 1
github.com/HelixDevelopment/helix_ota/server/internal/fabric/registry.go:77.20,79.3 1 1
github.com/HelixDevelopment/helix_ota/server/internal/fabric/registry.go:80.2,80.26 1 1
github.com/HelixDevelopment/helix_ota/server/internal/fabric/registry.go:80.26,82.3 1 1
github.com/HelixDevelopment/helix_ota/server/internal/fabric/registry.go:83.2,83.42 1 1
github.com/HelixDevelopment/helix_ota/server/internal/fabric/registry.go:87.79,89.2 1 1
github.com/HelixDevelopment/helix_ota/server/internal/fabric/registry.go:94.114,95.52 1 1
github.com/HelixDevelopment/helix_ota/server/internal/fabric/registry.go:95.52,97.3 1 1
github.com/HelixDevelopment/helix_ota/server/internal/fabric/registry.go:98.2,99.58 2 1
github.com/HelixDevelopment/helix_ota/server/internal/fabric/registry.go:99.58,100.40 1 1
github.com/HelixDevelopment/helix_ota/server/internal/fabric/registry.go:100.40,102.4 1 1
github.com/HelixDevelopment/helix_ota/server/internal/fabric/registry.go:103.3,103.34 1 1
github.com/HelixDevelopment/helix_ota/server/internal/fabric/registry.go:105.2,105.15 1 1
github.com/HelixDevelopment/helix_ota/server/internal/fabric/registry.go:109.76,110.19 1 1
github.com/HelixDevelopment/helix_ota/server/internal/fabric/registry.go:110.19,112.3 1 1
github.com/HelixDevelopment/helix_ota/server/internal/fabric/registry.go:113.2,113.57 1 1
github.com/HelixDevelopment/helix_ota/server/internal/fabric/registry.go:117.97,119.2 1 1
github.com/HelixDevelopment/helix_ota/server/internal/fabric/registry.go:123.119,124.70 1 1
github.com/HelixDevelopment/helix_ota/server/internal/fabric/registry.go:124.70,126.3 1 1
github.com/HelixDevelopment/helix_ota/server/internal/fabric/registry.go:127.2,131.57 2 1
github.com/HelixDevelopment/helix_ota/server/internal/fabric/registry.go:131.57,133.3 1 1
github.com/HelixDevelopment/helix_ota/server/internal/fabric/registry.go:134.2,134.17 1 1
github.com/HelixDevelopment/helix_ota/server/internal/fabric/registry.go:140.113,142.16 2 1
github.com/HelixDevelopment/helix_ota/server/internal/fabric/registry.go:142.16,144.3 1 1
github.com/HelixDevelopment/helix_ota/server/internal/fabric/registry.go:145.2,145.43 1 1
github.com/HelixDevelopment/helix_ota/server/internal/fabric/registry.go:145.43,147.3 1 1
github.com/HelixDevelopment/helix_ota/server/internal/fabric/registry.go:148.2,152.57 5 1
github.com/HelixDevelopment/helix_ota/server/internal/fabric/registry.go:152.57,154.3 1 1
github.com/HelixDevelopment/helix_ota/server/internal/fabric/registry.go:155.2,155.17 1 1
github.com/HelixDevelopment/helix_ota/server/internal/fabric/registry.go:161.131,162.65 1 1
github.com/HelixDevelopment/helix_ota/server/internal/fabric/registry.go:162.65,164.3 1 1
github.com/HelixDevelopment/helix_ota/server/internal/fabric/registry.go:165.2,165.19 1 1
github.com/HelixDevelopment/helix_ota/server/internal/fabric/registry.go:165.19,167.3 1 1
github.com/HelixDevelopment/helix_ota/server/internal/fabric/registry.go:168.2,172.60 2 1
github.com/HelixDevelopment/helix_ota/server/internal/fabric/registry.go:172.60,173.45 1 1
github.com/HelixDevelopment/helix_ota/server/internal/fabric/registry.go:173.45,175.4 1 1
github.com/HelixDevelopment/helix_ota/server/internal/fabric/registry.go:176.3,176.13 1 1
github.com/HelixDevelopment/helix_ota/server/internal/fabric/registry.go:178.2,178.12 1 1
github.com/HelixDevelopment/helix_ota/server/internal/fabric/registry.go:182.96,184.2 1 1
